<?xml version="1.0" encoding="UTF-8"?>
<robot generator="Robot 3.2.1 (Python 3.6.9 on linux)" generated="20200609 23:20:01.462" rpa="false">
<suite id="s1" name="testSiteBDD" source="/home/cndr/workspace/Robot/suitePractice/SuiteSiteTest/tests/testSiteBDD.robot">
<test id="s1-t1" name="Cenário 01: Pesquisar produto existente">
<kw name="Abrir Browser" library="resource" type="setup">
<kw name="Open Browser" library="SeleniumLibrary">
<doc>Opens a new browser instance to the optional ``url``.</doc>
<arguments>
<arg>about:blank</arg>
<arg>${BROWSER}</arg>
</arguments>
<msg timestamp="20200609 23:20:01.695" level="INFO">Opening browser 'chrome' to base url 'about:blank'.</msg>
<status status="PASS" starttime="20200609 23:20:01.695" endtime="20200609 23:20:03.767"></status>
</kw>
<status status="PASS" starttime="20200609 23:20:01.694" endtime="20200609 23:20:03.771"></status>
</kw>
<kw name="Dado que eu estou na página home do site">
<kw name="Acessar a página home do site" library="resource">
<kw name="Go To" library="SeleniumLibrary">
<doc>Navigates the current browser window to the provided ``url``.</doc>
<arguments>
<arg>${URL}</arg>
</arguments>
<msg timestamp="20200609 23:20:03.780" level="INFO">Opening url 'http://automationpractice.com'</msg>
<status status="PASS" starttime="20200609 23:20:03.774" endtime="20200609 23:20:07.702"></status>
</kw>
<kw name="Title Should Be" library="SeleniumLibrary">
<doc>Verifies that the current page title equals ``title``.</doc>
<arguments>
<arg>My Store</arg>
</arguments>
<msg timestamp="20200609 23:20:07.730" level="INFO">Page title is 'My Store'.</msg>
<status status="PASS" starttime="20200609 23:20:07.702" endtime="20200609 23:20:07.730"></status>
</kw>
<status status="PASS" starttime="20200609 23:20:03.773" endtime="20200609 23:20:07.731"></status>
</kw>
<status status="PASS" starttime="20200609 23:20:03.772" endtime="20200609 23:20:07.731"></status>
</kw>
<kw name="Quando eu pesquisar pelo produto &quot;Blouse&quot;">
<kw name="Digitar o nome do produto &quot;${PRODUTO}&quot; no campo de pesquisa" library="resource">
<kw name="Input Text" library="SeleniumLibrary">
<doc>Types the given ``text`` into the text field identified by ``locator``.</doc>
<arguments>
<arg>name=search_query</arg>
<arg>${PRODUTO}</arg>
</arguments>
<msg timestamp="20200609 23:20:07.735" level="INFO">Typing text 'Blouse' into text field 'name=search_query'.</msg>
<status status="PASS" starttime="20200609 23:20:07.734" endtime="20200609 23:20:07.940"></status>
</kw>
<status status="PASS" starttime="20200609 23:20:07.733" endtime="20200609 23:20:07.940"></status>
</kw>
<kw name="Clicar no botão pesquisar" library="resource">
<kw name="Click Element" library="SeleniumLibrary">
<doc>Click the element identified by ``locator``.</doc>
<arguments>
<arg>name=submit_search</arg>
</arguments>
<msg timestamp="20200609 23:20:07.945" level="INFO">Clicking element 'name=submit_search'.</msg>
<status status="PASS" starttime="20200609 23:20:07.944" endtime="20200609 23:20:09.060"></status>
</kw>
<status status="PASS" starttime="20200609 23:20:07.941" endtime="20200609 23:20:09.060"></status>
</kw>
<status status="PASS" starttime="20200609 23:20:07.732" endtime="20200609 23:20:09.061"></status>
</kw>
<kw name="Então o produto &quot;Blouse&quot; deve ser listado na página de resultado de busca">
<kw name="Conferir se o produto &quot;${PRODUTO}&quot; foi listado corretamente" library="resource">
<kw name="Wait Until Element Is Visible" library="SeleniumLibrary">
<doc>Waits until the element ``locator`` is visible.</doc>
<arguments>
<arg>css:#center_column &gt; h1</arg>
</arguments>
<status status="PASS" starttime="20200609 23:20:09.063" endtime="20200609 23:20:09.108"></status>
</kw>
<kw name="Title Should Be" library="SeleniumLibrary">
<doc>Verifies that the current page title equals ``title``.</doc>
<arguments>
<arg>Search - My Store</arg>
</arguments>
<msg timestamp="20200609 23:20:09.115" level="INFO">Page title is 'Search - My Store'.</msg>
<status status="PASS" starttime="20200609 23:20:09.108" endtime="20200609 23:20:09.115"></status>
</kw>
<kw name="Page Should Contain Image" library="SeleniumLibrary">
<doc>Verifies image identified by ``locator`` is found from current page.</doc>
<arguments>
<arg>xpath=//*[@id="center_column"]//*[@src="http://automationpractice.com/img/p/7/7-home_default.jpg"]</arg>
</arguments>
<msg timestamp="20200609 23:20:09.136" level="INFO">Current page contains image 'xpath=//*[@id="center_column"]//*[@src="http://automationpractice.com/img/p/7/7-home_default.jpg"]'.</msg>
<status status="PASS" starttime="20200609 23:20:09.115" endtime="20200609 23:20:09.136"></status>
</kw>
<kw name="Page Should Contain Link" library="SeleniumLibrary">
<doc>Verifies link identified by ``locator`` is found from current page.</doc>
<arguments>
<arg>xpath=//*[@id="center_column"]//*[@class="product-name"][contains(text(),"${PRODUTO}")]</arg>
</arguments>
<msg timestamp="20200609 23:20:09.169" level="INFO">Current page contains link 'xpath=//*[@id="center_column"]//*[@class="product-name"][contains(text(),"Blouse")]'.</msg>
<status status="PASS" starttime="20200609 23:20:09.137" endtime="20200609 23:20:09.169"></status>
</kw>
<status status="PASS" starttime="20200609 23:20:09.062" endtime="20200609 23:20:09.169"></status>
</kw>
<status status="PASS" starttime="20200609 23:20:09.061" endtime="20200609 23:20:09.170"></status>
</kw>
<kw name="Fechar Browser" library="resource" type="teardown">
<kw name="Close Browser" library="SeleniumLibrary">
<doc>Closes the current browser.</doc>
<status status="PASS" starttime="20200609 23:20:09.171" endtime="20200609 23:20:09.306"></status>
</kw>
<status status="PASS" starttime="20200609 23:20:09.170" endtime="20200609 23:20:09.307"></status>
</kw>
<status status="PASS" starttime="20200609 23:20:01.692" endtime="20200609 23:20:09.307" critical="yes"></status>
</test>
<test id="s1-t2" name="Cenário 02: Pesquisar produto inexistente">
<kw name="Abrir Browser" library="resource" type="setup">
<kw name="Open Browser" library="SeleniumLibrary">
<doc>Opens a new browser instance to the optional ``url``.</doc>
<arguments>
<arg>about:blank</arg>
<arg>${BROWSER}</arg>
</arguments>
<msg timestamp="20200609 23:20:09.326" level="INFO">Opening browser 'chrome' to base url 'about:blank'.</msg>
<status status="PASS" starttime="20200609 23:20:09.324" endtime="20200609 23:20:11.426"></status>
</kw>
<status status="PASS" starttime="20200609 23:20:09.311" endtime="20200609 23:20:11.432"></status>
</kw>
<kw name="Dado que eu estou na página home do site">
<kw name="Acessar a página home do site" library="resource">
<kw name="Go To" library="SeleniumLibrary">
<doc>Navigates the current browser window to the provided ``url``.</doc>
<arguments>
<arg>${URL}</arg>
</arguments>
<msg timestamp="20200609 23:20:11.447" level="INFO">Opening url 'http://automationpractice.com'</msg>
<status status="PASS" starttime="20200609 23:20:11.436" endtime="20200609 23:20:15.170"></status>
</kw>
<kw name="Title Should Be" library="SeleniumLibrary">
<doc>Verifies that the current page title equals ``title``.</doc>
<arguments>
<arg>My Store</arg>
</arguments>
<msg timestamp="20200609 23:20:15.183" level="INFO">Page title is 'My Store'.</msg>
<status status="PASS" starttime="20200609 23:20:15.170" endtime="20200609 23:20:15.183"></status>
</kw>
<status status="PASS" starttime="20200609 23:20:11.435" endtime="20200609 23:20:15.183"></status>
</kw>
<status status="PASS" starttime="20200609 23:20:11.434" endtime="20200609 23:20:15.183"></status>
</kw>
<kw name="Quando eu pesquisar pelo produto &quot;ItemInexistente&quot;">
<kw name="Digitar o nome do produto &quot;${PRODUTO}&quot; no campo de pesquisa" library="resource">
<kw name="Input Text" library="SeleniumLibrary">
<doc>Types the given ``text`` into the text field identified by ``locator``.</doc>
<arguments>
<arg>name=search_query</arg>
<arg>${PRODUTO}</arg>
</arguments>
<msg timestamp="20200609 23:20:15.186" level="INFO">Typing text 'ItemInexistente' into text field 'name=search_query'.</msg>
<status status="PASS" starttime="20200609 23:20:15.185" endtime="20200609 23:20:15.483"></status>
</kw>
<status status="PASS" starttime="20200609 23:20:15.184" endtime="20200609 23:20:15.484"></status>
</kw>
<kw name="Clicar no botão pesquisar" library="resource">
<kw name="Click Element" library="SeleniumLibrary">
<doc>Click the element identified by ``locator``.</doc>
<arguments>
<arg>name=submit_search</arg>
</arguments>
<msg timestamp="20200609 23:20:15.486" level="INFO">Clicking element 'name=submit_search'.</msg>
<status status="PASS" starttime="20200609 23:20:15.485" endtime="20200609 23:20:16.775"></status>
</kw>
<status status="PASS" starttime="20200609 23:20:15.484" endtime="20200609 23:20:16.776"></status>
</kw>
<status status="PASS" starttime="20200609 23:20:15.184" endtime="20200609 23:20:16.776"></status>
</kw>
<kw name="Então a página deve exibir a mensagem &quot;No results were found for your search \&quot;ItemInexistente\&quot;&quot;">
<kw name="Conferir mensagem de erro &quot;${MENSAGEM_ERRO}&quot; foi exibida corretamente" library="resource">
<kw name="Wait Until Element Is Visible" library="SeleniumLibrary">
<doc>Waits until the element ``locator`` is visible.</doc>
<arguments>
<arg>xpath=//div[@id="center_column"]/p[@class="alert alert-warning"]</arg>
</arguments>
<status status="PASS" starttime="20200609 23:20:16.779" endtime="20200609 23:20:16.820"></status>
</kw>
<kw name="Element Text Should Be" library="SeleniumLibrary">
<doc>Verifies that element ``locator`` contains exact the text ``expected``.</doc>
<arguments>
<arg>xpath=//div[@id="center_column"]/p[@class="alert alert-warning"]</arg>
<arg>${MENSAGEM_ERRO}</arg>
</arguments>
<msg timestamp="20200609 23:20:16.820" level="INFO">Verifying element 'xpath=//div[@id="center_column"]/p[@class="alert alert-warning"]' contains exact text 'No results were found for your search "ItemInexistente"'.</msg>
<status status="PASS" starttime="20200609 23:20:16.820" endtime="20200609 23:20:16.856"></status>
</kw>
<status status="PASS" starttime="20200609 23:20:16.777" endtime="20200609 23:20:16.857"></status>
</kw>
<status status="PASS" starttime="20200609 23:20:16.776" endtime="20200609 23:20:16.857"></status>
</kw>
<kw name="Fechar Browser" library="resource" type="teardown">
<kw name="Close Browser" library="SeleniumLibrary">
<doc>Closes the current browser.</doc>
<status status="PASS" starttime="20200609 23:20:16.858" endtime="20200609 23:20:16.961"></status>
</kw>
<status status="PASS" starttime="20200609 23:20:16.857" endtime="20200609 23:20:16.961"></status>
</kw>
<tags>
<tag>cenario02</tag>
</tags>
<status status="PASS" starttime="20200609 23:20:09.309" endtime="20200609 23:20:16.961" critical="yes"></status>
</test>
<status status="PASS" starttime="20200609 23:20:01.464" endtime="20200609 23:20:16.963"></status>
</suite>
<statistics>
<total>
<stat pass="2" fail="0">Critical Tests</stat>
<stat pass="2" fail="0">All Tests</stat>
</total>
<tag>
<stat pass="1" fail="0">cenario02</stat>
</tag>
<suite>
<stat pass="2" fail="0" id="s1" name="testSiteBDD">testSiteBDD</stat>
</suite>
</statistics>
<errors>
</errors>
</robot>
