<?xml version="1.0" encoding="UTF-8"?>
<robot generator="Robot 3.2.1 (Python 3.6.9 on linux)" generated="20200611 19:07:12.530" rpa="false">
<suite id="s1" name="testSite" source="/home/cndr/workspace/Robot/suitePractice/SuiteSiteTest/tests/testSite.robot">
<test id="s1-t1" name="Caso de Teste 03: Listar produtos">
<kw name="Abrir Browser" library="resource" type="setup">
<kw name="Open Browser" library="SeleniumLibrary">
<doc>Opens a new browser instance to the optional ``url``.</doc>
<arguments>
<arg>about:blank</arg>
<arg>${BROWSER}</arg>
</arguments>
<msg timestamp="20200611 19:07:12.771" level="INFO">Opening browser 'chrome' to base url 'about:blank'.</msg>
<status status="PASS" starttime="20200611 19:07:12.769" endtime="20200611 19:07:14.835"></status>
</kw>
<status status="PASS" starttime="20200611 19:07:12.768" endtime="20200611 19:07:14.835"></status>
</kw>
<kw name="Acessar a página home do site" library="resource">
<kw name="Go To" library="SeleniumLibrary">
<doc>Navigates the current browser window to the provided ``url``.</doc>
<arguments>
<arg>${URL}</arg>
</arguments>
<msg timestamp="20200611 19:07:14.838" level="INFO">Opening url 'http://automationpractice.com'</msg>
<status status="PASS" starttime="20200611 19:07:14.837" endtime="20200611 19:07:19.326"></status>
</kw>
<kw name="Title Should Be" library="SeleniumLibrary">
<doc>Verifies that the current page title equals ``title``.</doc>
<arguments>
<arg>My Store</arg>
</arguments>
<msg timestamp="20200611 19:07:19.337" level="INFO">Page title is 'My Store'.</msg>
<status status="PASS" starttime="20200611 19:07:19.326" endtime="20200611 19:07:19.337"></status>
</kw>
<status status="PASS" starttime="20200611 19:07:14.836" endtime="20200611 19:07:19.337"></status>
</kw>
<kw name="Clicar na categoria &quot;Women&quot; em categorias" library="resource">
<kw name="Mouse Over" library="SeleniumLibrary">
<doc>Simulates hovering the mouse over the element ``locator``.</doc>
<arguments>
<arg>xpath=//*[@id="block_top_menu"]//a[@title="${CATEGORIA}"]</arg>
</arguments>
<msg timestamp="20200611 19:07:19.340" level="INFO">Simulating Mouse Over on element 'xpath=//*[@id="block_top_menu"]//a[@title="Women"]'.</msg>
<status status="PASS" starttime="20200611 19:07:19.339" endtime="20200611 19:07:19.408"></status>
</kw>
<kw name="Click Link" library="SeleniumLibrary">
<doc>Clicks a link identified by ``locator``.</doc>
<arguments>
<arg>xpath=//*[@id="block_top_menu"]/ul/li[1]/a</arg>
</arguments>
<msg timestamp="20200611 19:07:19.408" level="INFO">Clicking link 'xpath=//*[@id="block_top_menu"]/ul/li[1]/a'.</msg>
<status status="PASS" starttime="20200611 19:07:19.408" endtime="20200611 19:07:21.166"></status>
</kw>
<status status="PASS" starttime="20200611 19:07:19.338" endtime="20200611 19:07:21.167"></status>
</kw>
<kw name="Clicar na sub categoria &quot;SUMMER DRESSES &quot;" library="resource">
<kw name="Click Link" library="SeleniumLibrary">
<doc>Clicks a link identified by ``locator``.</doc>
<arguments>
<arg>xpath=//*[@id="categories_block_left"]/div/ul/li[2]/a</arg>
</arguments>
<msg timestamp="20200611 19:07:21.171" level="INFO">Clicking link 'xpath=//*[@id="categories_block_left"]/div/ul/li[2]/a'.</msg>
<status status="PASS" starttime="20200611 19:07:21.168" endtime="20200611 19:07:22.577"></status>
</kw>
<kw name="Click Link" library="SeleniumLibrary">
<doc>Clicks a link identified by ``locator``.</doc>
<arguments>
<arg>xpath=//*[@id="categories_block_left"]/div/ul/li[3]/a</arg>
</arguments>
<msg timestamp="20200611 19:07:22.578" level="INFO">Clicking link 'xpath=//*[@id="categories_block_left"]/div/ul/li[3]/a'.</msg>
<status status="PASS" starttime="20200611 19:07:22.577" endtime="20200611 19:07:24.179"></status>
</kw>
<kw name="Element Text Should Be" library="SeleniumLibrary">
<doc>Verifies that element ``locator`` contains exact the text ``expected``.</doc>
<arguments>
<arg>xpath=//*[@id="center_column"]//span[@class="cat-name"]</arg>
<arg>${SUBCATEGORIA}</arg>
</arguments>
<msg timestamp="20200611 19:07:24.180" level="INFO">Verifying element 'xpath=//*[@id="center_column"]//span[@class="cat-name"]' contains exact text 'SUMMER DRESSES '.</msg>
<status status="PASS" starttime="20200611 19:07:24.179" endtime="20200611 19:07:24.226"></status>
</kw>
<status status="PASS" starttime="20200611 19:07:21.167" endtime="20200611 19:07:24.226"></status>
</kw>
<tags>
<tag>caso03</tag>
</tags>
<status status="PASS" starttime="20200611 19:07:12.766" endtime="20200611 19:07:24.226" critical="yes"></status>
</test>
<status status="PASS" starttime="20200611 19:07:12.532" endtime="20200611 19:07:24.228"></status>
</suite>
<statistics>
<total>
<stat pass="1" fail="0">Critical Tests</stat>
<stat pass="1" fail="0">All Tests</stat>
</total>
<tag>
<stat pass="1" fail="0">caso03</stat>
</tag>
<suite>
<stat pass="1" fail="0" id="s1" name="testSite">testSite</stat>
</suite>
</statistics>
<errors>
</errors>
</robot>
